C:\PROGRAMDATA\BROWSERPROTECT\2.6.1249.132\{C16C1CCB-7046-4E5C-A2F3-533AD2FEC8E8}\BROWSERPROTECT.SETTINGS
C:\PROGRAMDATA\BROWSERPROTECT\2.6.1249.132\{C16C1CCB-7046-4E5C-A2F3-533AD2FEC8E8}\TRAKING_SETTINGS\00
C:\PROGRAMDATA\BROWSERPROTECT\2.6.1249.132\{C16C1CCB-7046-4E5C-A2F3-533AD2FEC8E8}\TRAKING_SETTINGS\01
C:\PROGRAMDATA\BROWSERPROTECT\2.6.1249.132\{C16C1CCB-7046-4E5C-A2F3-533AD2FEC8E8}\TRAKING_SETTINGS\02
C:\PROGRAMDATA\BROWSERPROTECT\2.6.1249.132\{C16C1CCB-7046-4E5C-A2F3-533AD2FEC8E8}\TRAKING_SETTINGS\03
C:\PROGRAMDATA\BROWSERPROTECT\2.6.1249.132\{C16C1CCB-7046-4E5C-A2F3-533AD2FEC8E8}\TRAKING_SETTINGS\10
C:\PROGRAMDATA\BROWSERPROTECT\2.6.1249.132\{C16C1CCB-7046-4E5C-A2F3-533AD2FEC8E8}\TRAKING_SETTINGS\11
C:\PROGRAMDATA\BROWSERPROTECT\2.6.1249.132\{C16C1CCB-7046-4E5C-A2F3-533AD2FEC8E8}\TRAKING_SETTINGS\12
C:\PROGRAMDATA\BROWSERPROTECT\2.6.1249.132\{C16C1CCB-7046-4E5C-A2F3-533AD2FEC8E8}\TRAKING_SETTINGS\13
C:\PROGRAMDATA\BROWSERPROTECT\2.6.1249.132\{C16C1CCB-7046-4E5C-A2F3-533AD2FEC8E8}\TRAKING_SETTINGS\20
C:\PROGRAMDATA\BROWSERPROTECT\2.6.1249.132\{C16C1CCB-7046-4E5C-A2F3-533AD2FEC8E8}\TRAKING_SETTINGS\21
C:\PROGRAMDATA\BROWSERPROTECT\2.6.1249.132\{C16C1CCB-7046-4E5C-A2F3-533AD2FEC8E8}\TRAKING_SETTINGS\22
C:\PROGRAMDATA\BROWSERPROTECT\2.6.1249.132\{C16C1CCB-7046-4E5C-A2F3-533AD2FEC8E8}\TRAKING_SETTINGS\23
C:\Users\Administrator\Desktop\眾多RO模擬端\rathena\vcproj-10\..\map-server_sql.exe
C:\Users\Administrator\Desktop\眾多RO模擬端\rathena\vcproj-10\map-server_sql\Debug\atcommand.obj
C:\Users\Administrator\Desktop\眾多RO模擬端\rathena\vcproj-10\map-server_sql\Debug\battle.obj
C:\Users\Administrator\Desktop\眾多RO模擬端\rathena\vcproj-10\map-server_sql\Debug\battleground.obj
C:\Users\Administrator\Desktop\眾多RO模擬端\rathena\vcproj-10\map-server_sql\Debug\buyingstore.obj
C:\Users\Administrator\Desktop\眾多RO模擬端\rathena\vcproj-10\map-server_sql\Debug\cashshop.obj
C:\Users\Administrator\Desktop\眾多RO模擬端\rathena\vcproj-10\map-server_sql\Debug\channel.obj
C:\Users\Administrator\Desktop\眾多RO模擬端\rathena\vcproj-10\map-server_sql\Debug\chat.obj
C:\Users\Administrator\Desktop\眾多RO模擬端\rathena\vcproj-10\map-server_sql\Debug\chrif.obj
C:\Users\Administrator\Desktop\眾多RO模擬端\rathena\vcproj-10\map-server_sql\Debug\CL.4740.read.1.tlog
C:\Users\Administrator\Desktop\眾多RO模擬端\rathena\vcproj-10\map-server_sql\Debug\CL.4740.write.1.tlog
C:\Users\Administrator\Desktop\眾多RO模擬端\rathena\vcproj-10\map-server_sql\Debug\CL.5868.read.1.tlog
C:\Users\Administrator\Desktop\眾多RO模擬端\rathena\vcproj-10\map-server_sql\Debug\CL.5868.write.1.tlog
C:\Users\Administrator\Desktop\眾多RO模擬端\rathena\vcproj-10\map-server_sql\Debug\CL.7496.read.1.tlog
C:\Users\Administrator\Desktop\眾多RO模擬端\rathena\vcproj-10\map-server_sql\Debug\CL.7496.write.1.tlog
C:\Users\Administrator\Desktop\眾多RO模擬端\rathena\vcproj-10\map-server_sql\Debug\CL.7560.read.1.tlog
C:\Users\Administrator\Desktop\眾多RO模擬端\rathena\vcproj-10\map-server_sql\Debug\CL.7560.write.1.tlog
C:\Users\Administrator\Desktop\眾多RO模擬端\rathena\vcproj-10\map-server_sql\Debug\cl.command.1.tlog
C:\Users\Administrator\Desktop\眾多RO模擬端\rathena\vcproj-10\map-server_sql\Debug\CL.read.1.tlog
C:\Users\Administrator\Desktop\眾多RO模擬端\rathena\vcproj-10\map-server_sql\Debug\cl.write.1.tlog
C:\Users\Administrator\Desktop\眾多RO模擬端\rathena\vcproj-10\map-server_sql\Debug\cli.obj
C:\Users\Administrator\Desktop\眾多RO模擬端\rathena\vcproj-10\map-server_sql\Debug\clif.obj
C:\Users\Administrator\Desktop\眾多RO模擬端\rathena\vcproj-10\map-server_sql\Debug\conf.obj
C:\Users\Administrator\Desktop\眾多RO模擬端\rathena\vcproj-10\map-server_sql\Debug\core.obj
C:\Users\Administrator\Desktop\眾多RO模擬端\rathena\vcproj-10\map-server_sql\Debug\date.obj
C:\Users\Administrator\Desktop\眾多RO模擬端\rathena\vcproj-10\map-server_sql\Debug\db.obj
C:\Users\Administrator\Desktop\眾多RO模擬端\rathena\vcproj-10\map-server_sql\Debug\des.obj
C:\Users\Administrator\Desktop\眾多RO模擬端\rathena\vcproj-10\map-server_sql\Debug\duel.obj
C:\Users\Administrator\Desktop\眾多RO模擬端\rathena\vcproj-10\map-server_sql\Debug\elemental.obj
C:\Users\Administrator\Desktop\眾多RO模擬端\rathena\vcproj-10\map-server_sql\Debug\ers.obj
C:\Users\Administrator\Desktop\眾多RO模擬端\rathena\vcproj-10\map-server_sql\Debug\grammar.obj
C:\Users\Administrator\Desktop\眾多RO模擬端\rathena\vcproj-10\map-server_sql\Debug\grfio.obj
C:\Users\Administrator\Desktop\眾多RO模擬端\rathena\vcproj-10\map-server_sql\Debug\guild.obj
C:\Users\Administrator\Desktop\眾多RO模擬端\rathena\vcproj-10\map-server_sql\Debug\homunculus.obj
C:\Users\Administrator\Desktop\眾多RO模擬端\rathena\vcproj-10\map-server_sql\Debug\instance.obj
C:\Users\Administrator\Desktop\眾多RO模擬端\rathena\vcproj-10\map-server_sql\Debug\intif.obj
C:\Users\Administrator\Desktop\眾多RO模擬端\rathena\vcproj-10\map-server_sql\Debug\itemdb.obj
C:\Users\Administrator\Desktop\眾多RO模擬端\rathena\vcproj-10\map-server_sql\Debug\libconfig.obj
C:\Users\Administrator\Desktop\眾多RO模擬端\rathena\vcproj-10\map-server_sql\Debug\link.command.1.tlog
C:\Users\Administrator\Desktop\眾多RO模擬端\rathena\vcproj-10\map-server_sql\Debug\link.read.1.tlog
C:\Users\Administrator\Desktop\眾多RO模擬端\rathena\vcproj-10\map-server_sql\Debug\link.write.1.tlog
C:\Users\Administrator\Desktop\眾多RO模擬端\rathena\vcproj-10\map-server_sql\Debug\log.obj
C:\Users\Administrator\Desktop\眾多RO模擬端\rathena\vcproj-10\map-server_sql\Debug\mail.obj
C:\Users\Administrator\Desktop\眾多RO模擬端\rathena\vcproj-10\map-server_sql\Debug\malloc.obj
C:\Users\Administrator\Desktop\眾多RO模擬端\rathena\vcproj-10\map-server_sql\Debug\map.obj
C:\Users\Administrator\Desktop\眾多RO模擬端\rathena\vcproj-10\map-server_sql\Debug\mapindex.obj
C:\Users\Administrator\Desktop\眾多RO模擬端\rathena\vcproj-10\map-server_sql\Debug\mapreg_sql.obj
C:\Users\Administrator\Desktop\眾多RO模擬端\rathena\vcproj-10\map-server_sql\Debug\map-server_sql.exe.embed.manifest
C:\USERS\ADMINISTRATOR\DESKTOP\眾多RO模擬端\RATHENA\VCPROJ-10\MAP-SERVER_SQL\DEBUG\MAP-SERVER_SQL.EXE.EMBED.MANIFEST.RES
C:\Users\Administrator\Desktop\眾多RO模擬端\rathena\vcproj-10\map-server_sql\Debug\map-server_sql_manifest.rc
C:\Users\Administrator\Desktop\眾多RO模擬端\rathena\vcproj-10\map-server_sql\Debug\md5calc.obj
C:\Users\Administrator\Desktop\眾多RO模擬端\rathena\vcproj-10\map-server_sql\Debug\mempool.obj
C:\Users\Administrator\Desktop\眾多RO模擬端\rathena\vcproj-10\map-server_sql\Debug\mercenary.obj
C:\Users\Administrator\Desktop\眾多RO模擬端\rathena\vcproj-10\map-server_sql\Debug\mob.obj
C:\Users\Administrator\Desktop\眾多RO模擬端\rathena\vcproj-10\map-server_sql\Debug\msg_conf.obj
C:\Users\Administrator\Desktop\眾多RO模擬端\rathena\vcproj-10\map-server_sql\Debug\mt19937ar.obj
C:\Users\Administrator\Desktop\眾多RO模擬端\rathena\vcproj-10\map-server_sql\Debug\mutex.obj
C:\Users\Administrator\Desktop\眾多RO模擬端\rathena\vcproj-10\map-server_sql\Debug\npc.obj
C:\Users\Administrator\Desktop\眾多RO模擬端\rathena\vcproj-10\map-server_sql\Debug\npc_chat.obj
C:\Users\Administrator\Desktop\眾多RO模擬端\rathena\vcproj-10\map-server_sql\Debug\nullpo.obj
C:\Users\Administrator\Desktop\眾多RO模擬端\rathena\vcproj-10\map-server_sql\Debug\party.obj
C:\Users\Administrator\Desktop\眾多RO模擬端\rathena\vcproj-10\map-server_sql\Debug\path.obj
C:\Users\Administrator\Desktop\眾多RO模擬端\rathena\vcproj-10\map-server_sql\Debug\pc.obj
C:\Users\Administrator\Desktop\眾多RO模擬端\rathena\vcproj-10\map-server_sql\Debug\pc_groups.obj
C:\Users\Administrator\Desktop\眾多RO模擬端\rathena\vcproj-10\map-server_sql\Debug\pet.obj
C:\Users\Administrator\Desktop\眾多RO模擬端\rathena\vcproj-10\map-server_sql\Debug\quest.obj
C:\Users\Administrator\Desktop\眾多RO模擬端\rathena\vcproj-10\map-server_sql\Debug\raconf.obj
C:\Users\Administrator\Desktop\眾多RO模擬端\rathena\vcproj-10\map-server_sql\Debug\random.obj
C:\Users\Administrator\Desktop\眾多RO模擬端\rathena\vcproj-10\map-server_sql\Debug\rc.command.1.tlog
C:\Users\Administrator\Desktop\眾多RO模擬端\rathena\vcproj-10\map-server_sql\Debug\rc.read.1.tlog
C:\Users\Administrator\Desktop\眾多RO模擬端\rathena\vcproj-10\map-server_sql\Debug\rc.write.1.tlog
C:\Users\Administrator\Desktop\眾多RO模擬端\rathena\vcproj-10\map-server_sql\Debug\scanctx.obj
C:\Users\Administrator\Desktop\眾多RO模擬端\rathena\vcproj-10\map-server_sql\Debug\scanner.obj
C:\Users\Administrator\Desktop\眾多RO模擬端\rathena\vcproj-10\map-server_sql\Debug\script.obj
C:\Users\Administrator\Desktop\眾多RO模擬端\rathena\vcproj-10\map-server_sql\Debug\searchstore.obj
C:\Users\Administrator\Desktop\眾多RO模擬端\rathena\vcproj-10\map-server_sql\Debug\showmsg.obj
C:\Users\Administrator\Desktop\眾多RO模擬端\rathena\vcproj-10\map-server_sql\Debug\skill.obj
C:\Users\Administrator\Desktop\眾多RO模擬端\rathena\vcproj-10\map-server_sql\Debug\socket.obj
C:\Users\Administrator\Desktop\眾多RO模擬端\rathena\vcproj-10\map-server_sql\Debug\sql.obj
C:\Users\Administrator\Desktop\眾多RO模擬端\rathena\vcproj-10\map-server_sql\Debug\status.obj
C:\Users\Administrator\Desktop\眾多RO模擬端\rathena\vcproj-10\map-server_sql\Debug\storage.obj
C:\Users\Administrator\Desktop\眾多RO模擬端\rathena\vcproj-10\map-server_sql\Debug\strbuf.obj
C:\Users\Administrator\Desktop\眾多RO模擬端\rathena\vcproj-10\map-server_sql\Debug\strlib.obj
C:\Users\Administrator\Desktop\眾多RO模擬端\rathena\vcproj-10\map-server_sql\Debug\thread.obj
C:\Users\Administrator\Desktop\眾多RO模擬端\rathena\vcproj-10\map-server_sql\Debug\timer.obj
C:\Users\Administrator\Desktop\眾多RO模擬端\rathena\vcproj-10\map-server_sql\Debug\trade.obj
C:\Users\Administrator\Desktop\眾多RO模擬端\rathena\vcproj-10\map-server_sql\Debug\unit.obj
C:\Users\Administrator\Desktop\眾多RO模擬端\rathena\vcproj-10\map-server_sql\Debug\utils.obj
C:\Users\Administrator\Desktop\眾多RO模擬端\rathena\vcproj-10\map-server_sql\Debug\vc100.idb
C:\USERS\ADMINISTRATOR\DESKTOP\眾多RO模擬端\RATHENA\VCPROJ-10\MAP-SERVER_SQL\DEBUG\VC100.PDB
C:\Users\Administrator\Desktop\眾多RO模擬端\rathena\vcproj-10\map-server_sql\Debug\vending.obj
