C:\PROGRAMDATA\BROWSERPROTECT\2.6.1249.132\{C16C1CCB-7046-4E5C-A2F3-533AD2FEC8E8}\BROWSERPROTECT.SETTINGS
C:\PROGRAMDATA\BROWSERPROTECT\2.6.1249.132\{C16C1CCB-7046-4E5C-A2F3-533AD2FEC8E8}\TRAKING_SETTINGS\00
C:\PROGRAMDATA\BROWSERPROTECT\2.6.1249.132\{C16C1CCB-7046-4E5C-A2F3-533AD2FEC8E8}\TRAKING_SETTINGS\01
C:\PROGRAMDATA\BROWSERPROTECT\2.6.1249.132\{C16C1CCB-7046-4E5C-A2F3-533AD2FEC8E8}\TRAKING_SETTINGS\02
C:\PROGRAMDATA\BROWSERPROTECT\2.6.1249.132\{C16C1CCB-7046-4E5C-A2F3-533AD2FEC8E8}\TRAKING_SETTINGS\03
C:\PROGRAMDATA\BROWSERPROTECT\2.6.1249.132\{C16C1CCB-7046-4E5C-A2F3-533AD2FEC8E8}\TRAKING_SETTINGS\10
C:\PROGRAMDATA\BROWSERPROTECT\2.6.1249.132\{C16C1CCB-7046-4E5C-A2F3-533AD2FEC8E8}\TRAKING_SETTINGS\11
C:\PROGRAMDATA\BROWSERPROTECT\2.6.1249.132\{C16C1CCB-7046-4E5C-A2F3-533AD2FEC8E8}\TRAKING_SETTINGS\12
C:\PROGRAMDATA\BROWSERPROTECT\2.6.1249.132\{C16C1CCB-7046-4E5C-A2F3-533AD2FEC8E8}\TRAKING_SETTINGS\13
C:\PROGRAMDATA\BROWSERPROTECT\2.6.1249.132\{C16C1CCB-7046-4E5C-A2F3-533AD2FEC8E8}\TRAKING_SETTINGS\20
C:\PROGRAMDATA\BROWSERPROTECT\2.6.1249.132\{C16C1CCB-7046-4E5C-A2F3-533AD2FEC8E8}\TRAKING_SETTINGS\21
C:\PROGRAMDATA\BROWSERPROTECT\2.6.1249.132\{C16C1CCB-7046-4E5C-A2F3-533AD2FEC8E8}\TRAKING_SETTINGS\22
C:\PROGRAMDATA\BROWSERPROTECT\2.6.1249.132\{C16C1CCB-7046-4E5C-A2F3-533AD2FEC8E8}\TRAKING_SETTINGS\23
C:\Users\Administrator\Desktop\眾多RO模擬端\rathena\vcproj-10\..\login-server_sql.exe
C:\Users\Administrator\Desktop\眾多RO模擬端\rathena\vcproj-10\login-server_sql\Debug\account_sql.obj
C:\Users\Administrator\Desktop\眾多RO模擬端\rathena\vcproj-10\login-server_sql\Debug\CL.3328.read.1.tlog
C:\Users\Administrator\Desktop\眾多RO模擬端\rathena\vcproj-10\login-server_sql\Debug\CL.3328.write.1.tlog
C:\Users\Administrator\Desktop\眾多RO模擬端\rathena\vcproj-10\login-server_sql\Debug\CL.5908.read.1.tlog
C:\Users\Administrator\Desktop\眾多RO模擬端\rathena\vcproj-10\login-server_sql\Debug\CL.5908.write.1.tlog
C:\Users\Administrator\Desktop\眾多RO模擬端\rathena\vcproj-10\login-server_sql\Debug\CL.6752.read.1.tlog
C:\Users\Administrator\Desktop\眾多RO模擬端\rathena\vcproj-10\login-server_sql\Debug\CL.6752.write.1.tlog
C:\Users\Administrator\Desktop\眾多RO模擬端\rathena\vcproj-10\login-server_sql\Debug\CL.7276.read.1.tlog
C:\Users\Administrator\Desktop\眾多RO模擬端\rathena\vcproj-10\login-server_sql\Debug\CL.7276.write.1.tlog
C:\Users\Administrator\Desktop\眾多RO模擬端\rathena\vcproj-10\login-server_sql\Debug\cl.command.1.tlog
C:\Users\Administrator\Desktop\眾多RO模擬端\rathena\vcproj-10\login-server_sql\Debug\CL.read.1.tlog
C:\Users\Administrator\Desktop\眾多RO模擬端\rathena\vcproj-10\login-server_sql\Debug\cl.write.1.tlog
C:\Users\Administrator\Desktop\眾多RO模擬端\rathena\vcproj-10\login-server_sql\Debug\cli.obj
C:\Users\Administrator\Desktop\眾多RO模擬端\rathena\vcproj-10\login-server_sql\Debug\core.obj
C:\Users\Administrator\Desktop\眾多RO模擬端\rathena\vcproj-10\login-server_sql\Debug\db.obj
C:\Users\Administrator\Desktop\眾多RO模擬端\rathena\vcproj-10\login-server_sql\Debug\ers.obj
C:\Users\Administrator\Desktop\眾多RO模擬端\rathena\vcproj-10\login-server_sql\Debug\grammar.obj
C:\Users\Administrator\Desktop\眾多RO模擬端\rathena\vcproj-10\login-server_sql\Debug\ipban_sql.obj
C:\Users\Administrator\Desktop\眾多RO模擬端\rathena\vcproj-10\login-server_sql\Debug\libconfig.obj
C:\Users\Administrator\Desktop\眾多RO模擬端\rathena\vcproj-10\login-server_sql\Debug\link.command.1.tlog
C:\Users\Administrator\Desktop\眾多RO模擬端\rathena\vcproj-10\login-server_sql\Debug\link.read.1.tlog
C:\Users\Administrator\Desktop\眾多RO模擬端\rathena\vcproj-10\login-server_sql\Debug\link.write.1.tlog
C:\Users\Administrator\Desktop\眾多RO模擬端\rathena\vcproj-10\login-server_sql\Debug\login.obj
C:\Users\Administrator\Desktop\眾多RO模擬端\rathena\vcproj-10\login-server_sql\Debug\loginlog_sql.obj
C:\Users\Administrator\Desktop\眾多RO模擬端\rathena\vcproj-10\login-server_sql\Debug\login-server_sql.exe.embed.manifest
C:\USERS\ADMINISTRATOR\DESKTOP\眾多RO模擬端\RATHENA\VCPROJ-10\LOGIN-SERVER_SQL\DEBUG\LOGIN-SERVER_SQL.EXE.EMBED.MANIFEST.RES
C:\Users\Administrator\Desktop\眾多RO模擬端\rathena\vcproj-10\login-server_sql\Debug\login-server_sql_manifest.rc
C:\Users\Administrator\Desktop\眾多RO模擬端\rathena\vcproj-10\login-server_sql\Debug\malloc.obj
C:\Users\Administrator\Desktop\眾多RO模擬端\rathena\vcproj-10\login-server_sql\Debug\md5calc.obj
C:\Users\Administrator\Desktop\眾多RO模擬端\rathena\vcproj-10\login-server_sql\Debug\mempool.obj
C:\Users\Administrator\Desktop\眾多RO模擬端\rathena\vcproj-10\login-server_sql\Debug\msg_conf.obj
C:\Users\Administrator\Desktop\眾多RO模擬端\rathena\vcproj-10\login-server_sql\Debug\mt19937ar.obj
C:\Users\Administrator\Desktop\眾多RO模擬端\rathena\vcproj-10\login-server_sql\Debug\mutex.obj
C:\Users\Administrator\Desktop\眾多RO模擬端\rathena\vcproj-10\login-server_sql\Debug\nullpo.obj
C:\Users\Administrator\Desktop\眾多RO模擬端\rathena\vcproj-10\login-server_sql\Debug\raconf.obj
C:\Users\Administrator\Desktop\眾多RO模擬端\rathena\vcproj-10\login-server_sql\Debug\random.obj
C:\Users\Administrator\Desktop\眾多RO模擬端\rathena\vcproj-10\login-server_sql\Debug\rc.command.1.tlog
C:\Users\Administrator\Desktop\眾多RO模擬端\rathena\vcproj-10\login-server_sql\Debug\rc.read.1.tlog
C:\Users\Administrator\Desktop\眾多RO模擬端\rathena\vcproj-10\login-server_sql\Debug\rc.write.1.tlog
C:\Users\Administrator\Desktop\眾多RO模擬端\rathena\vcproj-10\login-server_sql\Debug\scanctx.obj
C:\Users\Administrator\Desktop\眾多RO模擬端\rathena\vcproj-10\login-server_sql\Debug\scanner.obj
C:\Users\Administrator\Desktop\眾多RO模擬端\rathena\vcproj-10\login-server_sql\Debug\showmsg.obj
C:\Users\Administrator\Desktop\眾多RO模擬端\rathena\vcproj-10\login-server_sql\Debug\socket.obj
C:\Users\Administrator\Desktop\眾多RO模擬端\rathena\vcproj-10\login-server_sql\Debug\sql.obj
C:\Users\Administrator\Desktop\眾多RO模擬端\rathena\vcproj-10\login-server_sql\Debug\strbuf.obj
C:\Users\Administrator\Desktop\眾多RO模擬端\rathena\vcproj-10\login-server_sql\Debug\strlib.obj
C:\Users\Administrator\Desktop\眾多RO模擬端\rathena\vcproj-10\login-server_sql\Debug\thread.obj
C:\Users\Administrator\Desktop\眾多RO模擬端\rathena\vcproj-10\login-server_sql\Debug\timer.obj
C:\Users\Administrator\Desktop\眾多RO模擬端\rathena\vcproj-10\login-server_sql\Debug\utils.obj
C:\Users\Administrator\Desktop\眾多RO模擬端\rathena\vcproj-10\login-server_sql\Debug\vc100.idb
C:\USERS\ADMINISTRATOR\DESKTOP\眾多RO模擬端\RATHENA\VCPROJ-10\LOGIN-SERVER_SQL\DEBUG\VC100.PDB
