已經開始建置於 2013/6/10 下午 06:22:23。
     1>節點 4 (build 目標) 上的專案 "C:\Users\Administrator\Desktop\眾多RO模擬端\rathena\vcproj-10\mapcache.vcxproj"。
     1>InitializeBuildStatus:
         由於指定了 "AlwaysCreate"，因此正在建立 "mapcache\Debug\mapcache.unsuccessfulbuild"。
       ClCompile:
         C:\Program Files (x86)\Microsoft Visual Studio 10.0\VC\bin\CL.exe /c /I..\3rdparty\libconfig /I..\3rdparty\zlib\include /I..\3rdparty\msinttypes\include /ZI /nologo /W3 /WX- /MP /Od /Oy- /D WIN32 /D _WIN32 /D __WIN32 /D _DEBUG /D _CRT_SECURE_NO_DEPRECATE /D _CRT_NONSTDC_NO_DEPRECATE /D MINICORE /D LIBCONFIG_STATIC /D YY_USE_CONST /D _MBCS /Gm- /RTC1 /MTd /GS /Gy /fp:precise /Zc:wchar_t /Zc:forScope /Fo"mapcache\Debug\\" /Fd"mapcache\Debug\vc100.pdb" /Gd /TC /analyze- /errorReport:prompt ..\src\common\core.c ..\src\common\utils.c ..\src\tool\mapcache.c
         core.c
         utils.c
         mapcache.c
       ManifestResourceCompile:
         所有輸出都是最新的。
       Link:
         C:\Program Files (x86)\Microsoft Visual Studio 10.0\VC\bin\link.exe /ERRORREPORT:PROMPT /OUT:"..\mapcache.exe" /INCREMENTAL /NOLOGO /LIBPATH:..\3rdparty\zlib\lib libcmtd.lib oldnames.lib zdll.lib kernel32.lib user32.lib gdi32.lib winspool.lib comdlg32.lib advapi32.lib shell32.lib ole32.lib oleaut32.lib uuid.lib odbc32.lib odbccp32.lib /NODEFAULTLIB /MANIFEST /ManifestFile:"mapcache\Debug\mapcache.exe.intermediate.manifest" /MANIFESTUAC:"level='asInvoker' uiAccess='false'" /DEBUG /PDB:"..\mapcache.pdb" /SUBSYSTEM:CONSOLE /TLBID:1 /DYNAMICBASE:NO /IMPLIB:"..\mapcache.lib" /MACHINE:X86 mapcache\Debug\mapcache.exe.embed.manifest.res
         mapcache\Debug\core.obj
         mapcache\Debug\des.obj
         mapcache\Debug\grfio.obj
         mapcache\Debug\malloc.obj
         mapcache\Debug\showmsg.obj
         mapcache\Debug\strlib.obj
         mapcache\Debug\utils.obj
         mapcache\Debug\mapcache.obj /FIXED:NO 
       Manifest:
         C:\Program Files (x86)\Microsoft SDKs\Windows\v7.0A\bin\mt.exe /nologo /verbose /out:"mapcache\Debug\mapcache.exe.embed.manifest" /manifest mapcache\Debug\mapcache.exe.intermediate.manifest
         所有輸出都是最新的。
       LinkEmbedManifest:
         所有輸出都是最新的。
         mapcache.vcxproj -> C:\Users\Administrator\Desktop\眾多RO模擬端\rathena\vcproj-10\..\mapcache.exe
       FinalizeBuildStatus:
         正在刪除檔案 "mapcache\Debug\mapcache.unsuccessfulbuild"。
         正在變更時間戳記 "mapcache\Debug\mapcache.lastbuildstate"。
     1>專案 "C:\Users\Administrator\Desktop\眾多RO模擬端\rathena\vcproj-10\mapcache.vcxproj" (build 目標) 建置完成。

建置成功。

經過時間 00:00:04.28
