..\mapcache.ilk
..\mapcache.pdb
C:\PROGRAMDATA\BROWSERPROTECT\2.6.1249.132\{C16C1CCB-7046-4E5C-A2F3-533AD2FEC8E8}\BROWSERPROTECT.SETTINGS
C:\PROGRAMDATA\BROWSERPROTECT\2.6.1249.132\{C16C1CCB-7046-4E5C-A2F3-533AD2FEC8E8}\TRAKING_SETTINGS\00
C:\PROGRAMDATA\BROWSERPROTECT\2.6.1249.132\{C16C1CCB-7046-4E5C-A2F3-533AD2FEC8E8}\TRAKING_SETTINGS\01
C:\PROGRAMDATA\BROWSERPROTECT\2.6.1249.132\{C16C1CCB-7046-4E5C-A2F3-533AD2FEC8E8}\TRAKING_SETTINGS\02
C:\PROGRAMDATA\BROWSERPROTECT\2.6.1249.132\{C16C1CCB-7046-4E5C-A2F3-533AD2FEC8E8}\TRAKING_SETTINGS\03
C:\PROGRAMDATA\BROWSERPROTECT\2.6.1249.132\{C16C1CCB-7046-4E5C-A2F3-533AD2FEC8E8}\TRAKING_SETTINGS\10
C:\PROGRAMDATA\BROWSERPROTECT\2.6.1249.132\{C16C1CCB-7046-4E5C-A2F3-533AD2FEC8E8}\TRAKING_SETTINGS\11
C:\PROGRAMDATA\BROWSERPROTECT\2.6.1249.132\{C16C1CCB-7046-4E5C-A2F3-533AD2FEC8E8}\TRAKING_SETTINGS\12
C:\PROGRAMDATA\BROWSERPROTECT\2.6.1249.132\{C16C1CCB-7046-4E5C-A2F3-533AD2FEC8E8}\TRAKING_SETTINGS\13
C:\PROGRAMDATA\BROWSERPROTECT\2.6.1249.132\{C16C1CCB-7046-4E5C-A2F3-533AD2FEC8E8}\TRAKING_SETTINGS\20
C:\PROGRAMDATA\BROWSERPROTECT\2.6.1249.132\{C16C1CCB-7046-4E5C-A2F3-533AD2FEC8E8}\TRAKING_SETTINGS\21
C:\PROGRAMDATA\BROWSERPROTECT\2.6.1249.132\{C16C1CCB-7046-4E5C-A2F3-533AD2FEC8E8}\TRAKING_SETTINGS\22
C:\PROGRAMDATA\BROWSERPROTECT\2.6.1249.132\{C16C1CCB-7046-4E5C-A2F3-533AD2FEC8E8}\TRAKING_SETTINGS\23
C:\USERS\ADMINISTRATOR\DESKTOP\眾多RO模擬端\RATHENA\MAPCACHE.EXE
C:\USERS\ADMINISTRATOR\DESKTOP\眾多RO模擬端\RATHENA\MAPCACHE.ILK
C:\USERS\ADMINISTRATOR\DESKTOP\眾多RO模擬端\RATHENA\MAPCACHE.PDB
C:\Users\Administrator\Desktop\眾多RO模擬端\rathena\vcproj-10\..\mapcache.exe
C:\Users\Administrator\Desktop\眾多RO模擬端\rathena\vcproj-10\mapcache\Debug\CL.1424.read.1.tlog
C:\Users\Administrator\Desktop\眾多RO模擬端\rathena\vcproj-10\mapcache\Debug\CL.1424.write.1.tlog
C:\Users\Administrator\Desktop\眾多RO模擬端\rathena\vcproj-10\mapcache\Debug\CL.1980.read.1.tlog
C:\Users\Administrator\Desktop\眾多RO模擬端\rathena\vcproj-10\mapcache\Debug\CL.1980.write.1.tlog
C:\Users\Administrator\Desktop\眾多RO模擬端\rathena\vcproj-10\mapcache\Debug\CL.5216.read.1.tlog
C:\Users\Administrator\Desktop\眾多RO模擬端\rathena\vcproj-10\mapcache\Debug\CL.5216.write.1.tlog
C:\Users\Administrator\Desktop\眾多RO模擬端\rathena\vcproj-10\mapcache\Debug\CL.8100.read.1.tlog
C:\Users\Administrator\Desktop\眾多RO模擬端\rathena\vcproj-10\mapcache\Debug\CL.8100.write.1.tlog
C:\Users\Administrator\Desktop\眾多RO模擬端\rathena\vcproj-10\mapcache\Debug\cl.command.1.tlog
C:\Users\Administrator\Desktop\眾多RO模擬端\rathena\vcproj-10\mapcache\Debug\CL.read.1.tlog
C:\Users\Administrator\Desktop\眾多RO模擬端\rathena\vcproj-10\mapcache\Debug\cl.write.1.tlog
C:\Users\Administrator\Desktop\眾多RO模擬端\rathena\vcproj-10\mapcache\Debug\core.obj
C:\Users\Administrator\Desktop\眾多RO模擬端\rathena\vcproj-10\mapcache\Debug\des.obj
C:\Users\Administrator\Desktop\眾多RO模擬端\rathena\vcproj-10\mapcache\Debug\grfio.obj
C:\Users\Administrator\Desktop\眾多RO模擬端\rathena\vcproj-10\mapcache\Debug\link.4164.read.1.tlog
C:\Users\Administrator\Desktop\眾多RO模擬端\rathena\vcproj-10\mapcache\Debug\link.4164.write.1.tlog
C:\Users\Administrator\Desktop\眾多RO模擬端\rathena\vcproj-10\mapcache\Debug\link.4164-cvtres.read.1.tlog
C:\Users\Administrator\Desktop\眾多RO模擬端\rathena\vcproj-10\mapcache\Debug\link.4164-cvtres.write.1.tlog
C:\Users\Administrator\Desktop\眾多RO模擬端\rathena\vcproj-10\mapcache\Debug\link.command.1.tlog
C:\Users\Administrator\Desktop\眾多RO模擬端\rathena\vcproj-10\mapcache\Debug\link.read.1.tlog
C:\Users\Administrator\Desktop\眾多RO模擬端\rathena\vcproj-10\mapcache\Debug\link.write.1.tlog
C:\Users\Administrator\Desktop\眾多RO模擬端\rathena\vcproj-10\mapcache\Debug\link-cvtres.read.1.tlog
C:\Users\Administrator\Desktop\眾多RO模擬端\rathena\vcproj-10\mapcache\Debug\link-cvtres.write.1.tlog
C:\Users\Administrator\Desktop\眾多RO模擬端\rathena\vcproj-10\mapcache\Debug\malloc.obj
C:\USERS\ADMINISTRATOR\DESKTOP\眾多RO模擬端\RATHENA\VCPROJ-10\MAPCACHE\DEBUG\MAPCACHE.EXE.EMBED.MANIFEST
C:\USERS\ADMINISTRATOR\DESKTOP\眾多RO模擬端\RATHENA\VCPROJ-10\MAPCACHE\DEBUG\MAPCACHE.EXE.EMBED.MANIFEST.RES
C:\USERS\ADMINISTRATOR\DESKTOP\眾多RO模擬端\RATHENA\VCPROJ-10\MAPCACHE\DEBUG\MAPCACHE.EXE.INTERMEDIATE.MANIFEST
C:\Users\Administrator\Desktop\眾多RO模擬端\rathena\vcproj-10\mapcache\Debug\mapcache.obj
C:\Users\Administrator\Desktop\眾多RO模擬端\rathena\vcproj-10\mapcache\Debug\mapcache_manifest.rc
C:\Users\Administrator\Desktop\眾多RO模擬端\rathena\vcproj-10\mapcache\Debug\mt.command.1.tlog
C:\Users\Administrator\Desktop\眾多RO模擬端\rathena\vcproj-10\mapcache\Debug\mt.read.1.tlog
C:\Users\Administrator\Desktop\眾多RO模擬端\rathena\vcproj-10\mapcache\Debug\mt.write.1.tlog
C:\Users\Administrator\Desktop\眾多RO模擬端\rathena\vcproj-10\mapcache\Debug\rc.command.1.tlog
C:\Users\Administrator\Desktop\眾多RO模擬端\rathena\vcproj-10\mapcache\Debug\rc.read.1.tlog
C:\Users\Administrator\Desktop\眾多RO模擬端\rathena\vcproj-10\mapcache\Debug\rc.write.1.tlog
C:\Users\Administrator\Desktop\眾多RO模擬端\rathena\vcproj-10\mapcache\Debug\showmsg.obj
C:\Users\Administrator\Desktop\眾多RO模擬端\rathena\vcproj-10\mapcache\Debug\strlib.obj
C:\Users\Administrator\Desktop\眾多RO模擬端\rathena\vcproj-10\mapcache\Debug\utils.obj
C:\Users\Administrator\Desktop\眾多RO模擬端\rathena\vcproj-10\mapcache\Debug\vc100.idb
C:\USERS\ADMINISTRATOR\DESKTOP\眾多RO模擬端\RATHENA\VCPROJ-10\MAPCACHE\DEBUG\VC100.PDB
