C:\PROGRAMDATA\BROWSERPROTECT\2.6.1249.132\{C16C1CCB-7046-4E5C-A2F3-533AD2FEC8E8}\BROWSERPROTECT.SETTINGS
C:\PROGRAMDATA\BROWSERPROTECT\2.6.1249.132\{C16C1CCB-7046-4E5C-A2F3-533AD2FEC8E8}\TRAKING_SETTINGS\00
C:\PROGRAMDATA\BROWSERPROTECT\2.6.1249.132\{C16C1CCB-7046-4E5C-A2F3-533AD2FEC8E8}\TRAKING_SETTINGS\01
C:\PROGRAMDATA\BROWSERPROTECT\2.6.1249.132\{C16C1CCB-7046-4E5C-A2F3-533AD2FEC8E8}\TRAKING_SETTINGS\02
C:\PROGRAMDATA\BROWSERPROTECT\2.6.1249.132\{C16C1CCB-7046-4E5C-A2F3-533AD2FEC8E8}\TRAKING_SETTINGS\03
C:\PROGRAMDATA\BROWSERPROTECT\2.6.1249.132\{C16C1CCB-7046-4E5C-A2F3-533AD2FEC8E8}\TRAKING_SETTINGS\10
C:\PROGRAMDATA\BROWSERPROTECT\2.6.1249.132\{C16C1CCB-7046-4E5C-A2F3-533AD2FEC8E8}\TRAKING_SETTINGS\11
C:\PROGRAMDATA\BROWSERPROTECT\2.6.1249.132\{C16C1CCB-7046-4E5C-A2F3-533AD2FEC8E8}\TRAKING_SETTINGS\12
C:\PROGRAMDATA\BROWSERPROTECT\2.6.1249.132\{C16C1CCB-7046-4E5C-A2F3-533AD2FEC8E8}\TRAKING_SETTINGS\13
C:\PROGRAMDATA\BROWSERPROTECT\2.6.1249.132\{C16C1CCB-7046-4E5C-A2F3-533AD2FEC8E8}\TRAKING_SETTINGS\20
C:\PROGRAMDATA\BROWSERPROTECT\2.6.1249.132\{C16C1CCB-7046-4E5C-A2F3-533AD2FEC8E8}\TRAKING_SETTINGS\21
C:\PROGRAMDATA\BROWSERPROTECT\2.6.1249.132\{C16C1CCB-7046-4E5C-A2F3-533AD2FEC8E8}\TRAKING_SETTINGS\22
C:\PROGRAMDATA\BROWSERPROTECT\2.6.1249.132\{C16C1CCB-7046-4E5C-A2F3-533AD2FEC8E8}\TRAKING_SETTINGS\23
C:\Users\Administrator\Desktop\眾多RO模擬端\rathena\vcproj-10\..\char-server_sql.exe
C:\Users\Administrator\Desktop\眾多RO模擬端\rathena\vcproj-10\char-server_sql\Debug\char.obj
C:\Users\Administrator\Desktop\眾多RO模擬端\rathena\vcproj-10\char-server_sql\Debug\char-server_sql.exe.embed.manifest
C:\USERS\ADMINISTRATOR\DESKTOP\眾多RO模擬端\RATHENA\VCPROJ-10\CHAR-SERVER_SQL\DEBUG\CHAR-SERVER_SQL.EXE.EMBED.MANIFEST.RES
C:\Users\Administrator\Desktop\眾多RO模擬端\rathena\vcproj-10\char-server_sql\Debug\char-server_sql_manifest.rc
C:\Users\Administrator\Desktop\眾多RO模擬端\rathena\vcproj-10\char-server_sql\Debug\CL.1904.read.1.tlog
C:\Users\Administrator\Desktop\眾多RO模擬端\rathena\vcproj-10\char-server_sql\Debug\CL.1904.write.1.tlog
C:\Users\Administrator\Desktop\眾多RO模擬端\rathena\vcproj-10\char-server_sql\Debug\CL.7704.read.1.tlog
C:\Users\Administrator\Desktop\眾多RO模擬端\rathena\vcproj-10\char-server_sql\Debug\CL.7704.write.1.tlog
C:\Users\Administrator\Desktop\眾多RO模擬端\rathena\vcproj-10\char-server_sql\Debug\CL.7764.read.1.tlog
C:\Users\Administrator\Desktop\眾多RO模擬端\rathena\vcproj-10\char-server_sql\Debug\CL.7764.write.1.tlog
C:\Users\Administrator\Desktop\眾多RO模擬端\rathena\vcproj-10\char-server_sql\Debug\CL.7804.read.1.tlog
C:\Users\Administrator\Desktop\眾多RO模擬端\rathena\vcproj-10\char-server_sql\Debug\CL.7804.write.1.tlog
C:\Users\Administrator\Desktop\眾多RO模擬端\rathena\vcproj-10\char-server_sql\Debug\cl.command.1.tlog
C:\Users\Administrator\Desktop\眾多RO模擬端\rathena\vcproj-10\char-server_sql\Debug\CL.read.1.tlog
C:\Users\Administrator\Desktop\眾多RO模擬端\rathena\vcproj-10\char-server_sql\Debug\cl.write.1.tlog
C:\Users\Administrator\Desktop\眾多RO模擬端\rathena\vcproj-10\char-server_sql\Debug\cli.obj
C:\Users\Administrator\Desktop\眾多RO模擬端\rathena\vcproj-10\char-server_sql\Debug\core.obj
C:\Users\Administrator\Desktop\眾多RO模擬端\rathena\vcproj-10\char-server_sql\Debug\db.obj
C:\Users\Administrator\Desktop\眾多RO模擬端\rathena\vcproj-10\char-server_sql\Debug\ers.obj
C:\Users\Administrator\Desktop\眾多RO模擬端\rathena\vcproj-10\char-server_sql\Debug\grammar.obj
C:\Users\Administrator\Desktop\眾多RO模擬端\rathena\vcproj-10\char-server_sql\Debug\int_auction.obj
C:\Users\Administrator\Desktop\眾多RO模擬端\rathena\vcproj-10\char-server_sql\Debug\int_elemental.obj
C:\Users\Administrator\Desktop\眾多RO模擬端\rathena\vcproj-10\char-server_sql\Debug\int_guild.obj
C:\Users\Administrator\Desktop\眾多RO模擬端\rathena\vcproj-10\char-server_sql\Debug\int_homun.obj
C:\Users\Administrator\Desktop\眾多RO模擬端\rathena\vcproj-10\char-server_sql\Debug\int_mail.obj
C:\Users\Administrator\Desktop\眾多RO模擬端\rathena\vcproj-10\char-server_sql\Debug\int_mercenary.obj
C:\Users\Administrator\Desktop\眾多RO模擬端\rathena\vcproj-10\char-server_sql\Debug\int_party.obj
C:\Users\Administrator\Desktop\眾多RO模擬端\rathena\vcproj-10\char-server_sql\Debug\int_pet.obj
C:\Users\Administrator\Desktop\眾多RO模擬端\rathena\vcproj-10\char-server_sql\Debug\int_quest.obj
C:\Users\Administrator\Desktop\眾多RO模擬端\rathena\vcproj-10\char-server_sql\Debug\int_storage.obj
C:\Users\Administrator\Desktop\眾多RO模擬端\rathena\vcproj-10\char-server_sql\Debug\inter.obj
C:\Users\Administrator\Desktop\眾多RO模擬端\rathena\vcproj-10\char-server_sql\Debug\libconfig.obj
C:\Users\Administrator\Desktop\眾多RO模擬端\rathena\vcproj-10\char-server_sql\Debug\link.command.1.tlog
C:\Users\Administrator\Desktop\眾多RO模擬端\rathena\vcproj-10\char-server_sql\Debug\link.read.1.tlog
C:\Users\Administrator\Desktop\眾多RO模擬端\rathena\vcproj-10\char-server_sql\Debug\link.write.1.tlog
C:\Users\Administrator\Desktop\眾多RO模擬端\rathena\vcproj-10\char-server_sql\Debug\malloc.obj
C:\Users\Administrator\Desktop\眾多RO模擬端\rathena\vcproj-10\char-server_sql\Debug\mapindex.obj
C:\Users\Administrator\Desktop\眾多RO模擬端\rathena\vcproj-10\char-server_sql\Debug\mempool.obj
C:\Users\Administrator\Desktop\眾多RO模擬端\rathena\vcproj-10\char-server_sql\Debug\msg_conf.obj
C:\Users\Administrator\Desktop\眾多RO模擬端\rathena\vcproj-10\char-server_sql\Debug\mt19937ar.obj
C:\Users\Administrator\Desktop\眾多RO模擬端\rathena\vcproj-10\char-server_sql\Debug\mutex.obj
C:\Users\Administrator\Desktop\眾多RO模擬端\rathena\vcproj-10\char-server_sql\Debug\nullpo.obj
C:\Users\Administrator\Desktop\眾多RO模擬端\rathena\vcproj-10\char-server_sql\Debug\raconf.obj
C:\Users\Administrator\Desktop\眾多RO模擬端\rathena\vcproj-10\char-server_sql\Debug\random.obj
C:\Users\Administrator\Desktop\眾多RO模擬端\rathena\vcproj-10\char-server_sql\Debug\rc.command.1.tlog
C:\Users\Administrator\Desktop\眾多RO模擬端\rathena\vcproj-10\char-server_sql\Debug\rc.read.1.tlog
C:\Users\Administrator\Desktop\眾多RO模擬端\rathena\vcproj-10\char-server_sql\Debug\rc.write.1.tlog
C:\Users\Administrator\Desktop\眾多RO模擬端\rathena\vcproj-10\char-server_sql\Debug\scanctx.obj
C:\Users\Administrator\Desktop\眾多RO模擬端\rathena\vcproj-10\char-server_sql\Debug\scanner.obj
C:\Users\Administrator\Desktop\眾多RO模擬端\rathena\vcproj-10\char-server_sql\Debug\showmsg.obj
C:\Users\Administrator\Desktop\眾多RO模擬端\rathena\vcproj-10\char-server_sql\Debug\socket.obj
C:\Users\Administrator\Desktop\眾多RO模擬端\rathena\vcproj-10\char-server_sql\Debug\sql.obj
C:\Users\Administrator\Desktop\眾多RO模擬端\rathena\vcproj-10\char-server_sql\Debug\strbuf.obj
C:\Users\Administrator\Desktop\眾多RO模擬端\rathena\vcproj-10\char-server_sql\Debug\strlib.obj
C:\Users\Administrator\Desktop\眾多RO模擬端\rathena\vcproj-10\char-server_sql\Debug\thread.obj
C:\Users\Administrator\Desktop\眾多RO模擬端\rathena\vcproj-10\char-server_sql\Debug\timer.obj
C:\Users\Administrator\Desktop\眾多RO模擬端\rathena\vcproj-10\char-server_sql\Debug\utils.obj
C:\Users\Administrator\Desktop\眾多RO模擬端\rathena\vcproj-10\char-server_sql\Debug\vc100.idb
C:\USERS\ADMINISTRATOR\DESKTOP\眾多RO模擬端\RATHENA\VCPROJ-10\CHAR-SERVER_SQL\DEBUG\VC100.PDB
