已經開始建置於 2013/6/10 下午 06:22:22。
     1>節點 4 (build 目標) 上的專案 "C:\Users\Administrator\Desktop\眾多RO模擬端\rathena\vcproj-10\char-server_sql.vcxproj"。
     1>InitializeBuildStatus:
         由於指定了 "AlwaysCreate"，因此正在建立 "char-server_sql\Debug\char-server_sql.unsuccessfulbuild"。
       ClCompile:
         C:\Program Files (x86)\Microsoft Visual Studio 10.0\VC\bin\CL.exe /c /I..\3rdparty\libconfig /I..\3rdparty\mysql\include /I..\3rdparty\msinttypes\include /I..\3rdparty\mt19937ar /ZI /nologo /W3 /WX- /MP /Od /Oy- /D WIN32 /D _WIN32 /D __WIN32 /D _DEBUG /D _CRT_SECURE_NO_DEPRECATE /D _CRT_NONSTDC_NO_DEPRECATE /D FD_SETSIZE=4096 /D LIBCONFIG_STATIC /D YY_USE_CONST /D _VC80_UPGRADE=0x0710 /D _MBCS /Gm- /RTC1 /MTd /GS /Gy /fp:precise /Zc:wchar_t /Zc:forScope /Fo"char-server_sql\Debug\\" /Fd"char-server_sql\Debug\vc100.pdb" /Gd /TC /wd4800 /analyze- /errorReport:prompt ..\src\char\char.c ..\src\char\int_auction.c ..\src\char\int_elemental.c ..\src\char\int_guild.c ..\src\char\int_homun.c ..\src\char\int_mail.c ..\src\char\int_mercenary.c ..\src\char\int_party.c ..\src\char\int_pet.c ..\src\char\int_quest.c ..\src\char\int_storage.c ..\src\char\inter.c ..\src\common\core.c ..\src\common\db.c ..\src\common\mapindex.c ..\src\common\socket.c ..\src\common\utils.c
         char.c
         int_auction.c
         int_elemental.c
         int_guild.c
         int_homun.c
         int_mail.c
         int_mercenary.c
         int_party.c
         int_pet.c
         int_quest.c
         int_storage.c
         inter.c
         core.c
         db.c
         mapindex.c
         socket.c
         utils.c
       ManifestResourceCompile:
         所有輸出都是最新的。
       Link:
         C:\Program Files (x86)\Microsoft Visual Studio 10.0\VC\bin\link.exe /ERRORREPORT:PROMPT /OUT:"..\char-server_sql.exe" /INCREMENTAL /NOLOGO /LIBPATH:..\3rdparty\mysql\lib libcmtd.lib oldnames.lib ws2_32.lib libmysql.lib kernel32.lib user32.lib gdi32.lib winspool.lib comdlg32.lib advapi32.lib shell32.lib ole32.lib oleaut32.lib uuid.lib odbc32.lib odbccp32.lib /NODEFAULTLIB /MANIFEST /ManifestFile:"char-server_sql\Debug\char-server_sql.exe.intermediate.manifest" /MANIFESTUAC:"level='asInvoker' uiAccess='false'" /DEBUG /PDB:"..\char-server_sql.pdb" /SUBSYSTEM:CONSOLE /TLBID:1 /DYNAMICBASE:NO /IMPLIB:"..\char-server_sql.lib" /MACHINE:X86 "char-server_sql\Debug\char-server_sql.exe.embed.manifest.res"
         "char-server_sql\Debug\grammar.obj"
         "char-server_sql\Debug\libconfig.obj"
         "char-server_sql\Debug\scanctx.obj"
         "char-server_sql\Debug\scanner.obj"
         "char-server_sql\Debug\strbuf.obj"
         "char-server_sql\Debug\mt19937ar.obj"
         "char-server_sql\Debug\core.obj"
         "char-server_sql\Debug\db.obj"
         "char-server_sql\Debug\ers.obj"
         "char-server_sql\Debug\malloc.obj"
         "char-server_sql\Debug\mapindex.obj"
         "char-server_sql\Debug\mempool.obj"
         "char-server_sql\Debug\mutex.obj"
         "char-server_sql\Debug\nullpo.obj"
         "char-server_sql\Debug\raconf.obj"
         "char-server_sql\Debug\random.obj"
         "char-server_sql\Debug\showmsg.obj"
         "char-server_sql\Debug\socket.obj"
         "char-server_sql\Debug\sql.obj"
         "char-server_sql\Debug\strlib.obj"
         "char-server_sql\Debug\thread.obj"
         "char-server_sql\Debug\timer.obj"
         "char-server_sql\Debug\utils.obj"
         "char-server_sql\Debug\msg_conf.obj"
         "char-server_sql\Debug\cli.obj"
         "char-server_sql\Debug\char.obj"
         "char-server_sql\Debug\int_auction.obj"
         "char-server_sql\Debug\int_elemental.obj"
         "char-server_sql\Debug\int_guild.obj"
         "char-server_sql\Debug\int_homun.obj"
         "char-server_sql\Debug\int_mail.obj"
         "char-server_sql\Debug\int_mercenary.obj"
         "char-server_sql\Debug\int_party.obj"
         "char-server_sql\Debug\int_pet.obj"
         "char-server_sql\Debug\int_quest.obj"
         "char-server_sql\Debug\int_storage.obj"
         "char-server_sql\Debug\inter.obj"
       Manifest:
         C:\Program Files (x86)\Microsoft SDKs\Windows\v7.0A\bin\mt.exe /nologo /verbose /out:"char-server_sql\Debug\char-server_sql.exe.embed.manifest" /manifest "char-server_sql\Debug\char-server_sql.exe.intermediate.manifest"
         所有輸出都是最新的。
       LinkEmbedManifest:
         所有輸出都是最新的。
         char-server_sql.vcxproj -> C:\Users\Administrator\Desktop\眾多RO模擬端\rathena\vcproj-10\..\char-server_sql.exe
       FinalizeBuildStatus:
         正在刪除檔案 "char-server_sql\Debug\char-server_sql.unsuccessfulbuild"。
         正在變更時間戳記 "char-server_sql\Debug\char-server_sql.lastbuildstate"。
     1>專案 "C:\Users\Administrator\Desktop\眾多RO模擬端\rathena\vcproj-10\char-server_sql.vcxproj" (build 目標) 建置完成。

建置成功。

經過時間 00:00:07.04
